Classic Timing Analyzer report for Projeto-de-Hardware
Tue Sep 19 21:44:36 2017
Quartus II Version 9.1 Build 350 03/24/2010 Service Pack 2 SJ Web Edition


---------------------
; Table of Contents ;
---------------------
  1. Legal Notice
  2. Timing Analyzer Summary
  3. Timing Analyzer Settings
  4. Clock Settings Summary
  5. Parallel Compilation
  6. tsu
  7. tco
  8. th
  9. Timing Analyzer Messages



----------------
; Legal Notice ;
----------------
Copyright (C) 1991-2010 Altera Corporation
Your use of Altera Corporation's design tools, logic functions 
and other software and tools, and its AMPP partner logic 
functions, and any output files from any of the foregoing 
(including device programming or simulation files), and any 
associated documentation or information are expressly subject 
to the terms and conditions of the Altera Program License 
Subscription Agreement, Altera MegaCore Function License 
Agreement, or other applicable license agreement, including, 
without limitation, that your use is for the sole purpose of 
programming logic devices manufactured by Altera and sold by 
Altera or its authorized distributors.  Please refer to the 
applicable agreement for further details.



+------------------------------------------------------------------------------------------------------------------------------+
; Timing Analyzer Summary                                                                                                      ;
+------------------------------+-------+---------------+-------------+-------+----------+------------+----------+--------------+
; Type                         ; Slack ; Required Time ; Actual Time ; From  ; To       ; From Clock ; To Clock ; Failed Paths ;
+------------------------------+-------+---------------+-------------+-------+----------+------------+----------+--------------+
; Worst-case tsu               ; N/A   ; None          ; -0.336 ns   ; a     ; state    ; --         ; clock    ; 0            ;
; Worst-case tco               ; N/A   ; None          ; 6.673 ns    ; state ; stateout ; clock      ; --       ; 0            ;
; Worst-case th                ; N/A   ; None          ; 0.584 ns    ; a     ; state    ; --         ; clock    ; 0            ;
; Total number of failed paths ;       ;               ;             ;       ;          ;            ;          ; 0            ;
+------------------------------+-------+---------------+-------------+-------+----------+------------+----------+--------------+


+-----------------------------------------------------------------------------------------------------------------------------------------------------+
; Timing Analyzer Settings                                                                                                                            ;
+------------------------------------------------------------------------------------------------------+--------------------+------+----+-------------+
; Option                                                                                               ; Setting            ; From ; To ; Entity Name ;
+------------------------------------------------------------------------------------------------------+--------------------+------+----+-------------+
; Device Name                                                                                          ; EP2C70F896C7       ;      ;    ;             ;
; Timing Models                                                                                        ; Final              ;      ;    ;             ;
; Default hold multicycle                                                                              ; Same as Multicycle ;      ;    ;             ;
; Cut paths between unrelated clock domains                                                            ; On                 ;      ;    ;             ;
; Cut off read during write signal paths                                                               ; On                 ;      ;    ;             ;
; Cut off feedback from I/O pins                                                                       ; On                 ;      ;    ;             ;
; Report Combined Fast/Slow Timing                                                                     ; Off                ;      ;    ;             ;
; Ignore Clock Settings                                                                                ; Off                ;      ;    ;             ;
; Analyze latches as synchronous elements                                                              ; On                 ;      ;    ;             ;
; Enable Recovery/Removal analysis                                                                     ; Off                ;      ;    ;             ;
; Enable Clock Latency                                                                                 ; Off                ;      ;    ;             ;
; Use TimeQuest Timing Analyzer                                                                        ; Off                ;      ;    ;             ;
; Minimum Core Junction Temperature                                                                    ; 0                  ;      ;    ;             ;
; Maximum Core Junction Temperature                                                                    ; 85                 ;      ;    ;             ;
; Number of source nodes to report per destination node                                                ; 10                 ;      ;    ;             ;
; Number of destination nodes to report                                                                ; 10                 ;      ;    ;             ;
; Number of paths to report                                                                            ; 200                ;      ;    ;             ;
; Report Minimum Timing Checks                                                                         ; Off                ;      ;    ;             ;
; Use Fast Timing Models                                                                               ; Off                ;      ;    ;             ;
; Report IO Paths Separately                                                                           ; Off                ;      ;    ;             ;
; Perform Multicorner Analysis                                                                         ; On                 ;      ;    ;             ;
; Reports the worst-case path for each clock domain and analysis                                       ; Off                ;      ;    ;             ;
; Reports worst-case timing paths for each clock domain and analysis                                   ; On                 ;      ;    ;             ;
; Specifies the maximum number of worst-case timing paths to report for each clock domain and analysis ; 100                ;      ;    ;             ;
; Removes common clock path pessimism (CCPP) during slack computation                                  ; Off                ;      ;    ;             ;
; Output I/O Timing Endpoint                                                                           ; Near End           ;      ;    ;             ;
+------------------------------------------------------------------------------------------------------+--------------------+------+----+-------------+


+------------------------------------------------------------------------------------------------------------------------------------------------------------------------------------+
; Clock Settings Summary                                                                                                                                                             ;
+-----------------+--------------------+----------+------------------+---------------+--------------+----------+-----------------------+---------------------+--------+--------------+
; Clock Node Name ; Clock Setting Name ; Type     ; Fmax Requirement ; Early Latency ; Late Latency ; Based on ; Multiply Base Fmax by ; Divide Base Fmax by ; Offset ; Phase offset ;
+-----------------+--------------------+----------+------------------+---------------+--------------+----------+-----------------------+---------------------+--------+--------------+
; clock           ;                    ; User Pin ; None             ; 0.000 ns      ; 0.000 ns     ; --       ; N/A                   ; N/A                 ; N/A    ;              ;
+-----------------+--------------------+----------+------------------+---------------+--------------+----------+-----------------------+---------------------+--------+--------------+


Parallel compilation was disabled, but you have multiple processors available. Enable parallel compilation to reduce compilation time.
+-------------------------------------+
; Parallel Compilation                ;
+----------------------------+--------+
; Processors                 ; Number ;
+----------------------------+--------+
; Number detected on machine ; 4      ;
; Maximum allowed            ; 1      ;
+----------------------------+--------+


+-------------------------------------------------------------+
; tsu                                                         ;
+-------+--------------+------------+------+-------+----------+
; Slack ; Required tsu ; Actual tsu ; From ; To    ; To Clock ;
+-------+--------------+------------+------+-------+----------+
; N/A   ; None         ; -0.336 ns  ; a    ; state ; clock    ;
+-------+--------------+------------+------+-------+----------+


+-------------------------------------------------------------------+
; tco                                                               ;
+-------+--------------+------------+-------+----------+------------+
; Slack ; Required tco ; Actual tco ; From  ; To       ; From Clock ;
+-------+--------------+------------+-------+----------+------------+
; N/A   ; None         ; 6.673 ns   ; state ; stateout ; clock      ;
; N/A   ; None         ; 6.671 ns   ; state ; out      ; clock      ;
+-------+--------------+------------+-------+----------+------------+


+-------------------------------------------------------------------+
; th                                                                ;
+---------------+-------------+-----------+------+-------+----------+
; Minimum Slack ; Required th ; Actual th ; From ; To    ; To Clock ;
+---------------+-------------+-----------+------+-------+----------+
; N/A           ; None        ; 0.584 ns  ; a    ; state ; clock    ;
+---------------+-------------+-----------+------+-------+----------+


+--------------------------+
; Timing Analyzer Messages ;
+--------------------------+
Info: *******************************************************************
Info: Running Quartus II Classic Timing Analyzer
    Info: Version 9.1 Build 350 03/24/2010 Service Pack 2 SJ Web Edition
    Info: Processing started: Tue Sep 19 21:44:35 2017
Info: Command: quartus_tan --read_settings_files=off --write_settings_files=off Projeto-de-Hardware -c Projeto-de-Hardware --timing_analysis_only
Warning: Found pins functioning as undefined clocks and/or memory enables
    Info: Assuming node "clock" is an undefined clock
Info: No valid register-to-register data paths exist for clock "clock"
Info: tsu for register "state" (data pin = "a", clock pin = "clock") is -0.336 ns
    Info: + Longest pin to register delay is 2.035 ns
        Info: 1: + IC(0.000 ns) + CELL(0.996 ns) = 0.996 ns; Loc. = PIN_G15; Fanout = 1; PIN Node = 'a'
        Info: 2: + IC(0.766 ns) + CELL(0.177 ns) = 1.939 ns; Loc. = LCCOMB_X48_Y50_N0; Fanout = 1; COMB Node = 'state~0'
        Info: 3: + IC(0.000 ns) + CELL(0.096 ns) = 2.035 ns; Loc. = LCFF_X48_Y50_N1; Fanout = 2; REG Node = 'state'
        Info: Total cell delay = 1.269 ns ( 62.36 % )
        Info: Total interconnect delay = 0.766 ns ( 37.64 % )
    Info: + Micro setup delay of destination is -0.038 ns
    Info: - Shortest clock path from clock "clock" to destination register is 2.333 ns
        Info: 1: + IC(0.000 ns) + CELL(0.996 ns) = 0.996 ns; Loc. = PIN_H15; Fanout = 1; CLK Node = 'clock'
        Info: 2: + IC(0.735 ns) + CELL(0.602 ns) = 2.333 ns; Loc. = LCFF_X48_Y50_N1; Fanout = 2; REG Node = 'state'
        Info: Total cell delay = 1.598 ns ( 68.50 % )
        Info: Total interconnect delay = 0.735 ns ( 31.50 % )
Info: tco from clock "clock" to destination pin "stateout" through register "state" is 6.673 ns
    Info: + Longest clock path from clock "clock" to source register is 2.333 ns
        Info: 1: + IC(0.000 ns) + CELL(0.996 ns) = 0.996 ns; Loc. = PIN_H15; Fanout = 1; CLK Node = 'clock'
        Info: 2: + IC(0.735 ns) + CELL(0.602 ns) = 2.333 ns; Loc. = LCFF_X48_Y50_N1; Fanout = 2; REG Node = 'state'
        Info: Total cell delay = 1.598 ns ( 68.50 % )
        Info: Total interconnect delay = 0.735 ns ( 31.50 % )
    Info: + Micro clock to output delay of source is 0.277 ns
    Info: + Longest register to pin delay is 4.063 ns
        Info: 1: + IC(0.000 ns) + CELL(0.000 ns) = 0.000 ns; Loc. = LCFF_X48_Y50_N1; Fanout = 2; REG Node = 'state'
        Info: 2: + IC(1.057 ns) + CELL(3.006 ns) = 4.063 ns; Loc. = PIN_C16; Fanout = 0; PIN Node = 'stateout'
        Info: Total cell delay = 3.006 ns ( 73.98 % )
        Info: Total interconnect delay = 1.057 ns ( 26.02 % )
Info: th for register "state" (data pin = "a", clock pin = "clock") is 0.584 ns
    Info: + Longest clock path from clock "clock" to destination register is 2.333 ns
        Info: 1: + IC(0.000 ns) + CELL(0.996 ns) = 0.996 ns; Loc. = PIN_H15; Fanout = 1; CLK Node = 'clock'
        Info: 2: + IC(0.735 ns) + CELL(0.602 ns) = 2.333 ns; Loc. = LCFF_X48_Y50_N1; Fanout = 2; REG Node = 'state'
        Info: Total cell delay = 1.598 ns ( 68.50 % )
        Info: Total interconnect delay = 0.735 ns ( 31.50 % )
    Info: + Micro hold delay of destination is 0.286 ns
    Info: - Shortest pin to register delay is 2.035 ns
        Info: 1: + IC(0.000 ns) + CELL(0.996 ns) = 0.996 ns; Loc. = PIN_G15; Fanout = 1; PIN Node = 'a'
        Info: 2: + IC(0.766 ns) + CELL(0.177 ns) = 1.939 ns; Loc. = LCCOMB_X48_Y50_N0; Fanout = 1; COMB Node = 'state~0'
        Info: 3: + IC(0.000 ns) + CELL(0.096 ns) = 2.035 ns; Loc. = LCFF_X48_Y50_N1; Fanout = 2; REG Node = 'state'
        Info: Total cell delay = 1.269 ns ( 62.36 % )
        Info: Total interconnect delay = 0.766 ns ( 37.64 % )
Info: Quartus II Classic Timing Analyzer was successful. 0 errors, 1 warning
    Info: Peak virtual memory: 170 megabytes
    Info: Processing ended: Tue Sep 19 21:44:36 2017
    Info: Elapsed time: 00:00:01
    Info: Total CPU time (on all processors): 00:00:00


